<?xml version="1.0" encoding="UTF-8"?>
<testng-results skipped="0" failed="0" ignored="0" total="1" passed="1">
  <reporter-output>
  </reporter-output>
  <suite name="Default suite" duration-ms="5866" started-at="2019-03-07T09:55:07Z" finished-at="2019-03-07T09:55:13Z">
    <groups>
    </groups>
    <test name="Default test" duration-ms="5866" started-at="2019-03-07T09:55:07Z" finished-at="2019-03-07T09:55:13Z">
      <class name="mavenProject.Google">
        <test-method status="PASS" signature="beforeTest()[pri:0, instance:mavenProject.Google@5419f379]" name="beforeTest" is-config="true" duration-ms="4922" started-at="2019-03-07T15:25:07Z" finished-at="2019-03-07T15:25:12Z">
          <reporter-output>
          </reporter-output>
        </test-method> <!-- beforeTest -->
        <test-method status="PASS" signature="LaunchTest()[pri:0, instance:mavenProject.Google@5419f379]" name="LaunchTest" duration-ms="19" started-at="2019-03-07T15:25:12Z" finished-at="2019-03-07T15:25:12Z">
          <reporter-output>
          </reporter-output>
        </test-method> <!-- LaunchTest -->
        <test-method status="PASS" signature="BrowserCloseTest()[pri:0, instance:mavenProject.Google@5419f379]" name="BrowserCloseTest" is-config="true" duration-ms="903" started-at="2019-03-07T15:25:12Z" finished-at="2019-03-07T15:25:13Z">
          <reporter-output>
          </reporter-output>
        </test-method> <!-- BrowserCloseTest -->
      </class> <!-- mavenProject.Google -->
    </test> <!-- Default test -->
  </suite> <!-- Default suite -->
</testng-results>
